2023-06-20 12:44:59.2666||DEBUG|Program|init main |url: |action: 
2023-06-20 12:49:22.3923||DEBUG|Program|init main |url: |action: 
2023-06-20 12:56:42.7435||DEBUG|Program|init main |url: |action: 
2023-06-20 13:42:09.8730||ERROR|Microsoft.AspNetCore.Diagnostics.DeveloperExceptionPageMiddleware|An unhandled exception has occurred while executing the request. System.FormatException: Input string was not in a correct format.
   at System.Number.ThrowOverflowOrFormatException(ParsingStatus status, TypeCode type)
   at System.Convert.ToInt32(String value)
   at CarRental.Controllers.AdminController.OrionSave(IFormCollection form) in C:\Users\Ahmet\Desktop\MaysFiloRentACar\CarRental\Controllers\AdminController.cs:line 273
   at lambda_method128(Closure , Object , Object[] )
   at Microsoft.AspNetCore.Mvc.Infrastructure.ActionMethodExecutor.SyncActionResultExecutor.Execute(IActionResultTypeMapper mapper, ObjectMethodExecutor executor, Object controller, Object[] arguments)
   at Microsoft.AspNetCore.Mvc.Infrastructure.ControllerActionInvoker.<InvokeActionMethodAsync>g__Logged|12_1(ControllerActionInvoker invoker)
   at Microsoft.AspNetCore.Mvc.Infrastructure.ControllerActionInvoker.<InvokeNextActionFilterAsync>g__Awaited|10_0(ControllerActionInvoker invoker, Task lastTask, State next, Scope scope, Object state, Boolean isCompleted)
   at Microsoft.AspNetCore.Mvc.Infrastructure.ControllerActionInvoker.Rethrow(ActionExecutedContextSealed context)
   at Microsoft.AspNetCore.Mvc.Infrastructure.ControllerActionInvoker.Next(State& next, Scope& scope, Object& state, Boolean& isCompleted)
   at Microsoft.AspNetCore.Mvc.Infrastructure.ControllerActionInvoker.InvokeInnerFilterAsync()
--- End of stack trace from previous location ---
   at Microsoft.AspNetCore.Mvc.Infrastructure.ResourceInvoker.<InvokeNextResourceFilter>g__Awaited|25_0(ResourceInvoker invoker, Task lastTask, State next, Scope scope, Object state, Boolean isCompleted)
   at Microsoft.AspNetCore.Mvc.Infrastructure.ResourceInvoker.Rethrow(ResourceExecutedContextSealed context)
   at Microsoft.AspNetCore.Mvc.Infrastructure.ResourceInvoker.Next(State& next, Scope& scope, Object& state, Boolean& isCompleted)
   at Microsoft.AspNetCore.Mvc.Infrastructure.ResourceInvoker.InvokeFilterPipelineAsync()
--- End of stack trace from previous location ---
   at Microsoft.AspNetCore.Mvc.Infrastructure.ResourceInvoker.<InvokeAsync>g__Logged|17_1(ResourceInvoker invoker)
   at Microsoft.AspNetCore.Mvc.Infrastructure.ResourceInvoker.<InvokeAsync>g__Logged|17_1(ResourceInvoker invoker)
   at Microsoft.AspNetCore.Routing.EndpointMiddleware.<Invoke>g__AwaitRequestTask|6_0(Endpoint endpoint, Task requestTask, ILogger logger)
   at Microsoft.AspNetCore.Authorization.AuthorizationMiddleware.Invoke(HttpContext context)
   at Microsoft.AspNetCore.Authentication.AuthenticationMiddleware.Invoke(HttpContext context)
   at Microsoft.AspNetCore.Diagnostics.DeveloperExceptionPageMiddleware.Invoke(HttpContext context)|url: https://localhost/Admin/OrionSave|action: OrionSave
2023-06-20 13:42:31.3774||DEBUG|Program|init main |url: |action: 
2023-06-20 13:43:12.2922||DEBUG|Program|init main |url: |action: 
2023-06-20 13:43:35.6072||DEBUG|Program|init main |url: |action: 
2023-06-20 13:47:35.2773||ERROR|CarRental.Controllers.AdminController|Ayar tablosuna sadece 1 adet kayıt girebilirsiniz. |url: https://localhost/Admin/OrionSave|action: OrionSave
2023-06-20 13:50:52.1039||DEBUG|Program|init main |url: |action: 
2023-06-20 14:14:22.9161||DEBUG|Program|init main |url: |action: 
2023-06-20 14:37:06.5753||DEBUG|Program|init main |url: |action: 
2023-06-20 14:40:52.0556||DEBUG|Program|init main |url: |action: 
2023-06-20 14:47:45.6894||DEBUG|Program|init main |url: |action: 
